<?xml version="1.0" encoding="UTF-8"?>
<!-- Generated by org.testng.reporters.JUnitXMLReporter -->
<testsuite ignored="0" hostname="admin" failures="0" tests="2" name="Test" time="0.357" errors="0" timestamp="2024-03-08T22:29:37 IST">
  <testcase classname="TestCaseFile.BaseClass12" name="@BeforeSuite BrowserLaunch" time="4.239">
    <failure type="java.lang.NoClassDefFoundError" message="org/apache/logging/log4j/util/Lazy">
      <![CDATA[java.lang.NoClassDefFoundError: org/apache/logging/log4j/util/Lazy
at org.apache.logging.log4j.core.selector.ClassLoaderContextSelector.<init>(ClassLoaderContextSelector.java:55)
at org.apache.logging.log4j.core.impl.Log4jContextFactory.createContextSelector(Log4jContextFactory.java:108)
at org.apache.logging.log4j.core.impl.Log4jContextFactory.<init>(Log4jContextFactory.java:60)
at java.base/java.lang.Class.newInstance(Class.java:725)
at org.apache.logging.log4j.LogManager.<clinit>(LogManager.java:95)
at TestCaseFile.BaseClass12.BrowserLaunch(BaseClass12.java:54)
Caused by: java.lang.ClassNotFoundException: org.apache.logging.log4j.util.Lazy
at java.base/jdk.internal.loader.BuiltinClassLoader.loadClass(BuiltinClassLoader.java:641)
at java.base/jdk.internal.loader.ClassLoaders$AppClassLoader.loadClass(ClassLoaders.java:188)
at java.base/java.lang.ClassLoader.loadClass(ClassLoader.java:526)
... 27 more
... Removed 21 stack frames]]>
    </failure>
  </testcase> <!-- @BeforeSuite BrowserLaunch -->
  <testcase classname="TestCaseFile.TestCase" name="TC1" time="0.0">
    <skipped/>
  </testcase> <!-- TC1 -->
  <testcase classname="TestCaseFile.TestCase" name="TC2" time="0.0">
    <skipped/>
  </testcase> <!-- TC2 -->
</testsuite> <!-- Test -->
